#-----------------------------------------------------------
# Vivado v2018.2 (64-bit)
# SW Build 2258646 on Thu Jun 14 20:03:12 MDT 2018
# IP Build 2256618 on Thu Jun 14 22:10:49 MDT 2018
# Start of session at: Fri May 23 15:34:49 2025
# Process ID: 2792
# Current directory: C:/Users/Himandhi/Downloads/MP2_Final/MP2_Final/MP2_Final
# Command line: vivado.exe -gui_launcher_event rodinguilauncherevent17036 C:\Users\Himandhi\Downloads\MP2_Final\MP2_Final\MP2_Final\MP2_Final.xpr
# Log file: C:/Users/Himandhi/Downloads/MP2_Final/MP2_Final/MP2_Final/vivado.log
# Journal file: C:/Users/Himandhi/Downloads/MP2_Final/MP2_Final/MP2_Final\vivado.jou
#-----------------------------------------------------------
start_gui
oexit
INFO: [Common 17-206] Exiting Vivado at Fri May 23 15:36:22 2025...
_Final.xpr
INFO: [Project 1-313] Project file moved from 'C:/Users/senil/Documents/Files/UoM/Academic/Sem 2/Digital Design/Labs/MP2_Final/MP2_Final' since last save.
Scanning sources...
Finished scanning sources
INFO: [Project 1-230] Project 'MP2_Final.xpr' upgraded for this version of Vivado.
INFO: [IP_Flow 19-234] Refreshing IP repositories
INFO: [IP_Flow 19-1704] No user IP repositories specified
INFO: [IP_Flow 19-2313] Loaded Vivado IP repository 'C:/Xilinx/Vivado/2018.2/data/ip'.
open_project: Time (s): cpu = 00:00:07 ; elapsed = 00:00:06 . Memory (MB): peak = 804.691 ; gain = 90.801
update_compile_order -fileset sources_1
launch_simulation
INFO: [Vivado 12-5682] Launching behavioral simulation in 'C:/Users/Himandhi/Downloads/MP2_Final/MP2_Final/MP2_Final/MP2_Final.sim/sim_1/behav/xsim'
INFO: [SIM-utils-51] Simulation object is 'sim_1'
INFO: [SIM-utils-54] Inspecting design source files for 'Nanoprocessor_TB' in fileset 'sim_1'...
INFO: [USF-XSim-97] Finding global include files...
INFO: [USF-XSim-98] Fetching design files from 'sim_1'...
INFO: [USF-XSim-2] XSim::Compile design
INFO: [USF-XSim-61] Executing 'COMPILE and ANALYZE' step in 'C:/Users/Himandhi/Downloads/MP2_Final/MP2_Final/MP2_Final/MP2_Final.sim/sim_1/behav/xsim'
"xvhdl --incr --relax -prj Nanoprocessor_TB_vhdl.prj"
INFO: [VRFC 10-163] Analyzing VHDL file "C:/Users/Himandhi/Downloads/MP2_Final/MP2_Final/MP2_Final/MP2_Final.srcs/sources_1/new/3_Bit_Adder.vhd" into library xil_defaultlib
INFO: [VRFC 10-307] analyzing entity Three_Bit_Adder
INFO: [VRFC 10-163] Analyzing VHDL file "C:/Users/Himandhi/Downloads/MP2_Final/MP2_Final/MP2_Final/MP2_Final.srcs/sources_1/new/Add_Sub.vhd" into library xil_defaultlib
INFO: [VRFC 10-307] analyzing entity Add_Sub
INFO: [VRFC 10-163] Analyzing VHDL file "C:/Users/Himandhi/Downloads/MP2_Final/MP2_Final/MP2_Final/MP2_Final.srcs/sources_1/new/Decoder_3_8.vhd" into library xil_defaultlib
INFO: [VRFC 10-307] analyzing entity Decoder_3_8
INFO: [VRFC 10-163] Analyzing VHDL file "C:/Users/Himandhi/Downloads/MP2_Final/MP2_Final/MP2_Final/MP2_Final.srcs/sources_1/new/FA.vhd" into library xil_defaultlib
INFO: [VRFC 10-307] analyzing entity FA
INFO: [VRFC 10-163] Analyzing VHDL file "C:/Users/Himandhi/Downloads/MP2_Final/MP2_Final/MP2_Final/MP2_Final.srcs/sources_1/new/HA.vhd" into library xil_defaultlib
INFO: [VRFC 10-307] analyzing entity HA
INFO: [VRFC 10-163] Analyzing VHDL file "C:/Users/Himandhi/Downloads/MP2_Final/MP2_Final/MP2_Final/MP2_Final.srcs/sources_1/new/Instruction_Decoder.vhd" into library xil_defaultlib
INFO: [VRFC 10-307] analyzing entity Instruction_Decoder
INFO: [VRFC 10-163] Analyzing VHDL file "C:/Users/Himandhi/Downloads/MP2_Final/MP2_Final/MP2_Final/MP2_Final.srcs/sources_1/new/Mux_2_way_3_bit.vhd" into library xil_defaultlib
INFO: [VRFC 10-307] analyzing entity Mux_2_way_3_bit
INFO: [VRFC 10-163] Analyzing VHDL file "C:/Users/Himandhi/Downloads/MP2_Final/MP2_Final/MP2_Final/MP2_Final.srcs/sources_1/new/Mux_2_way_4_bit.vhd" into library xil_defaultlib
INFO: [VRFC 10-307] analyzing entity Mux_2_way_4_bit
INFO: [VRFC 10-163] Analyzing VHDL file "C:/Users/Himandhi/Downloads/MP2_Final/MP2_Final/MP2_Final/MP2_Final.srcs/sources_1/new/Mux_8_way_4_bit.vhd" into library xil_defaultlib
INFO: [VRFC 10-307] analyzing entity Mux_8_Way_4_Bit
INFO: [VRFC 10-163] Analyzing VHDL file "C:/Users/Himandhi/Downloads/MP2_Final/MP2_Final/MP2_Final/MP2_Final.srcs/sources_1/new/Nanoprocessor.vhd" into library xil_defaultlib
INFO: [VRFC 10-307] analyzing entity Nanoprocessor
INFO: [VRFC 10-163] Analyzing VHDL file "C:/Users/Himandhi/Downloads/MP2_Final/MP2_Final/MP2_Final/MP2_Final.srcs/sources_1/new/Program_Counter.vhd" into library xil_defaultlib
INFO: [VRFC 10-307] analyzing entity Program_Counter
INFO: [VRFC 10-163] Analyzing VHDL file "C:/Users/Himandhi/Downloads/MP2_Final/MP2_Final/MP2_Final/MP2_Final.srcs/sources_1/new/Program_ROM.vhd" into library xil_defaultlib
INFO: [VRFC 10-307] analyzing entity Program_ROM
INFO: [VRFC 10-163] Analyzing VHDL file "C:/Users/Himandhi/Downloads/MP2_Final/MP2_Final/MP2_Final/MP2_Final.srcs/sources_1/new/Register_4bit.vhd" into library xil_defaultlib
INFO: [VRFC 10-307] analyzing entity Register_4bit
INFO: [VRFC 10-163] Analyzing VHDL file "C:/Users/Himandhi/Downloads/MP2_Final/MP2_Final/MP2_Final/MP2_Final.srcs/sources_1/new/Register_Bank.vhd" into library xil_defaultlib
INFO: [VRFC 10-307] analyzing entity Register_Bank
INFO: [VRFC 10-163] Analyzing VHDL file "C:/Users/Himandhi/Downloads/MP2_Final/MP2_Final/MP2_Final/MP2_Final.srcs/sources_1/imports/new/Slow_Clk.vhd" into library xil_defaultlib
INFO: [VRFC 10-307] analyzing entity Slooow_Ckk
INFO: [VRFC 10-163] Analyzing VHDL file "C:/Users/Himandhi/Downloads/MP2_Final/MP2_Final/MP2_Final/MP2_Final.srcs/sim_1/new/Nanoprocessor_TB.vhd" into library xil_defaultlib
INFO: [VRFC 10-307] analyzing entity Nanoprocessor_TB
INFO: [USF-XSim-69] 'compile' step finished in '3' seconds
INFO: [USF-XSim-3] XSim::Elaborate design
INFO: [USF-XSim-61] Executing 'ELABORATE' step in 'C:/Users/Himandhi/Downloads/MP2_Final/MP2_Final/MP2_Final/MP2_Final.sim/sim_1/behav/xsim'
Vivado Simulator 2018.2
Copyright 1986-1999, 2001-2018 Xilinx, Inc. All Rights Reserved.
Running: C:/Xilinx/Vivado/2018.2/bin/unwrapped/win64.o/xelab.exe -wto 1ed1c0aa09854c57b03b65743a02c5bb --incr --debug typical --relax --mt 2 -L xil_defaultlib -L secureip --snapshot Nanoprocessor_TB_behav xil_defaultlib.Nanoprocessor_TB -log elaborate.log 
Using 2 slave threads.
Starting static elaboration
Completed static elaboration
Starting simulation data flow analysis
Completed simulation data flow analysis
Time Resolution for simulation is 1ps
Compiling package std.standard
Compiling package std.textio
Compiling package ieee.std_logic_1164
Compiling package ieee.numeric_std
Compiling architecture behavioral of entity xil_defaultlib.Slooow_Ckk [slooow_ckk_default]
Compiling architecture behavioral of entity xil_defaultlib.HA [ha_default]
Compiling architecture behavioral of entity xil_defaultlib.FA [fa_default]
Compiling architecture behavioral of entity xil_defaultlib.Three_Bit_Adder [three_bit_adder_default]
Compiling architecture behavioral of entity xil_defaultlib.Mux_2_way_3_bit [mux_2_way_3_bit_default]
Compiling architecture behavioral of entity xil_defaultlib.Program_Counter [program_counter_default]
Compiling architecture behavioral of entity xil_defaultlib.Program_ROM [program_rom_default]
Compiling architecture behavioral of entity xil_defaultlib.Instruction_Decoder [instruction_decoder_default]
Compiling architecture behavioral of entity xil_defaultlib.Mux_2_way_4_bit [mux_2_way_4_bit_default]
Compiling architecture behavioral of entity xil_defaultlib.Decoder_3_8 [decoder_3_8_default]
Compiling architecture behavioral of entity xil_defaultlib.Register_4bit [register_4bit_default]
Compiling architecture behavioral of entity xil_defaultlib.Register_Bank [register_bank_default]
Compiling architecture behavioral of entity xil_defaultlib.Mux_8_Way_4_Bit [mux_8_way_4_bit_default]
Compiling architecture behavioral of entity xil_defaultlib.Add_Sub [add_sub_default]
Compiling architecture behavioral of entity xil_defaultlib.Nanoprocessor [nanoprocessor_default]
Compiling architecture behavioral of entity xil_defaultlib.nanoprocessor_tb
Built simulation snapshot Nanoprocessor_TB_behav

****** Webtalk v2018.2 (64-bit)
  **** SW Build 2258646 on Thu Jun 14 20:03:12 MDT 2018
  **** IP Build 2256618 on Thu Jun 14 22:10:49 MDT 2018
    ** Copyright 1986-2018 Xilinx, Inc. All Rights Reserved.

source C:/Users/Himandhi/Downloads/MP2_Final/MP2_Final/MP2_Final/MP2_Final.sim/sim_1/behav/xsim/xsim.dir/Nanoprocessor_TB_behav/webtalk/xsim_webtalk.tcl -notrace
INFO: [Common 17-206] Exiting Webtalk at Fri May 23 15:36:58 2025...
run_program: Time (s): cpu = 00:00:01 ; elapsed = 00:00:08 . Memory (MB): peak = 826.691 ; gain = 0.000
INFO: [USF-XSim-69] 'elaborate' step finished in '8' seconds
INFO: [USF-XSim-4] XSim::Simulate design
INFO: [USF-XSim-61] Executing 'SIMULATE' step in 'C:/Users/Himandhi/Downloads/MP2_Final/MP2_Final/MP2_Final/MP2_Final.sim/sim_1/behav/xsim'
INFO: [USF-XSim-98] *** Running xsim
   with args "Nanoprocessor_TB_behav -key {Behavioral:sim_1:Functional:Nanoprocessor_TB} -tclbatch {Nanoprocessor_TB.tcl} -log {simulate.log}"
INFO: [USF-XSim-8] Loading simulator feature
Vivado Simulator 2018.2
Time resolution is 1 ps
source Nanoprocessor_TB.tcl
# set curr_wave [current_wave_config]
# if { [string length $curr_wave] == 0 } {
#   if { [llength [get_objects]] > 0} {
#     add_wave /
#     set_property needs_save false [current_wave_config]
#   } else {
#      send_msg_id Add_Wave-1 WARNING "No top level signals found. Simulator will start without a wave window. If you want to open a wave window go to 'File->New Waveform Configuration' or type 'create_wave_config' in the TCL console."
#   }
# }
# run 1000ns
INFO: [USF-XSim-96] XSim completed. Design snapshot 'Nanoprocessor_TB_behav' loaded.
INFO: [USF-XSim-97] XSim simulation ran for 1000ns
launch_simulation: Time (s): cpu = 00:00:03 ; elapsed = 00:00:15 . Memory (MB): peak = 845.973 ; gain = 19.281
close_sim
INFO: [Simtcl 6-16] Simulation closed
launch_simulation
INFO: [Vivado 12-5682] Launching behavioral simulation in 'C:/Users/Himandhi/Downloads/MP2_Final/MP2_Final/MP2_Final/MP2_Final.sim/sim_1/behav/xsim'
INFO: [SIM-utils-51] Simulation object is 'sim_1'
INFO: [SIM-utils-54] Inspecting design source files for 'Nanoprocessor_TB' in fileset 'sim_1'...
INFO: [USF-XSim-97] Finding global include files...
INFO: [USF-XSim-98] Fetching design files from 'sim_1'...
INFO: [USF-XSim-2] XSim::Compile design
INFO: [USF-XSim-61] Executing 'COMPILE and ANALYZE' step in 'C:/Users/Himandhi/Downloads/MP2_Final/MP2_Final/MP2_Final/MP2_Final.sim/sim_1/behav/xsim'
"xvhdl --incr --relax -prj Nanoprocessor_TB_vhdl.prj"
INFO: [VRFC 10-163] Analyzing VHDL file "C:/Users/Himandhi/Downloads/MP2_Final/MP2_Final/MP2_Final/MP2_Final.srcs/sources_1/imports/new/Slow_Clk.vhd" into library xil_defaultlib
INFO: [VRFC 10-307] analyzing entity Slooow_Ckk
INFO: [USF-XSim-69] 'compile' step finished in '1' seconds
INFO: [USF-XSim-3] XSim::Elaborate design
INFO: [USF-XSim-61] Executing 'ELABORATE' step in 'C:/Users/Himandhi/Downloads/MP2_Final/MP2_Final/MP2_Final/MP2_Final.sim/sim_1/behav/xsim'
Vivado Simulator 2018.2
Copyright 1986-1999, 2001-2018 Xilinx, Inc. All Rights Reserved.
Running: C:/Xilinx/Vivado/2018.2/bin/unwrapped/win64.o/xelab.exe -wto 1ed1c0aa09854c57b03b65743a02c5bb --incr --debug typical --relax --mt 2 -L xil_defaultlib -L secureip --snapshot Nanoprocessor_TB_behav xil_defaultlib.Nanoprocessor_TB -log elaborate.log 
Using 2 slave threads.
Starting static elaboration
Completed static elaboration
Starting simulation data flow analysis
Completed simulation data flow analysis
Time Resolution for simulation is 1ps
Compiling package std.standard
Compiling package std.textio
Compiling package ieee.std_logic_1164
Compiling package ieee.numeric_std
Compiling architecture behavioral of entity xil_defaultlib.Slooow_Ckk [slooow_ckk_default]
Compiling architecture behavioral of entity xil_defaultlib.HA [ha_default]
Compiling architecture behavioral of entity xil_defaultlib.FA [fa_default]
Compiling architecture behavioral of entity xil_defaultlib.Three_Bit_Adder [three_bit_adder_default]
Compiling architecture behavioral of entity xil_defaultlib.Mux_2_way_3_bit [mux_2_way_3_bit_default]
Compiling architecture behavioral of entity xil_defaultlib.Program_Counter [program_counter_default]
Compiling architecture behavioral of entity xil_defaultlib.Program_ROM [program_rom_default]
Compiling architecture behavioral of entity xil_defaultlib.Instruction_Decoder [instruction_decoder_default]
Compiling architecture behavioral of entity xil_defaultlib.Mux_2_way_4_bit [mux_2_way_4_bit_default]
Compiling architecture behavioral of entity xil_defaultlib.Decoder_3_8 [decoder_3_8_default]
Compiling architecture behavioral of entity xil_defaultlib.Register_4bit [register_4bit_default]
Compiling architecture behavioral of entity xil_defaultlib.Register_Bank [register_bank_default]
Compiling architecture behavioral of entity xil_defaultlib.Mux_8_Way_4_Bit [mux_8_way_4_bit_default]
Compiling architecture behavioral of entity xil_defaultlib.Add_Sub [add_sub_default]
Compiling architecture behavioral of entity xil_defaultlib.Nanoprocessor [nanoprocessor_default]
Compiling architecture behavioral of entity xil_defaultlib.nanoprocessor_tb
Built simulation snapshot Nanoprocessor_TB_behav
INFO: [USF-XSim-69] 'elaborate' step finished in '2' seconds
INFO: [USF-XSim-4] XSim::Simulate design
INFO: [USF-XSim-61] Executing 'SIMULATE' step in 'C:/Users/Himandhi/Downloads/MP2_Final/MP2_Final/MP2_Final/MP2_Final.sim/sim_1/behav/xsim'
INFO: [USF-XSim-98] *** Running xsim
   with args "Nanoprocessor_TB_behav -key {Behavioral:sim_1:Functional:Nanoprocessor_TB} -tclbatch {Nanoprocessor_TB.tcl} -log {simulate.log}"
INFO: [USF-XSim-8] Loading simulator feature
Vivado Simulator 2018.2
Time resolution is 1 ps
source Nanoprocessor_TB.tcl
# set curr_wave [current_wave_config]
# if { [string length $curr_wave] == 0 } {
#   if { [llength [get_objects]] > 0} {
#     add_wave /
#     set_property needs_save false [current_wave_config]
#   } else {
#      send_msg_id Add_Wave-1 WARNING "No top level signals found. Simulator will start without a wave window. If you want to open a wave window go to 'File->New Waveform Configuration' or type 'create_wave_config' in the TCL console."
#   }
# }
# run 1000ns
INFO: [USF-XSim-96] XSim completed. Design snapshot 'Nanoprocessor_TB_behav' loaded.
INFO: [USF-XSim-97] XSim simulation ran for 1000ns
launch_simulation: Time (s): cpu = 00:00:02 ; elapsed = 00:00:06 . Memory (MB): peak = 864.117 ; gain = 0.000
close_sim
INFO: [Simtcl 6-16] Simulation closed
launch_simulation
INFO: [Vivado 12-5682] Launching behavioral simulation in 'C:/Users/Himandhi/Downloads/MP2_Final/MP2_Final/MP2_Final/MP2_Final.sim/sim_1/behav/xsim'
INFO: [SIM-utils-51] Simulation object is 'sim_1'
INFO: [SIM-utils-54] Inspecting design source files for 'Nanoprocessor_TB' in fileset 'sim_1'...
INFO: [USF-XSim-97] Finding global include files...
INFO: [USF-XSim-98] Fetching design files from 'sim_1'...
INFO: [USF-XSim-2] XSim::Compile design
INFO: [USF-XSim-61] Executing 'COMPILE and ANALYZE' step in 'C:/Users/Himandhi/Downloads/MP2_Final/MP2_Final/MP2_Final/MP2_Final.sim/sim_1/behav/xsim'
"xvhdl --incr --relax -prj Nanoprocessor_TB_vhdl.prj"
INFO: [VRFC 10-163] Analyzing VHDL file "C:/Users/Himandhi/Downloads/MP2_Final/MP2_Final/MP2_Final/MP2_Final.srcs/sources_1/imports/new/Slow_Clk.vhd" into library xil_defaultlib
INFO: [VRFC 10-307] analyzing entity Slooow_Ckk
INFO: [USF-XSim-69] 'compile' step finished in '1' seconds
INFO: [USF-XSim-3] XSim::Elaborate design
INFO: [USF-XSim-61] Executing 'ELABORATE' step in 'C:/Users/Himandhi/Downloads/MP2_Final/MP2_Final/MP2_Final/MP2_Final.sim/sim_1/behav/xsim'
Vivado Simulator 2018.2
Copyright 1986-1999, 2001-2018 Xilinx, Inc. All Rights Reserved.
Running: C:/Xilinx/Vivado/2018.2/bin/unwrapped/win64.o/xelab.exe -wto 1ed1c0aa09854c57b03b65743a02c5bb --incr --debug typical --relax --mt 2 -L xil_defaultlib -L secureip --snapshot Nanoprocessor_TB_behav xil_defaultlib.Nanoprocessor_TB -log elaborate.log 
Using 2 slave threads.
Starting static elaboration
Completed static elaboration
Starting simulation data flow analysis
Completed simulation data flow analysis
Time Resolution for simulation is 1ps
Compiling package std.standard
Compiling package std.textio
Compiling package ieee.std_logic_1164
Compiling package ieee.numeric_std
Compiling architecture behavioral of entity xil_defaultlib.Slooow_Ckk [slooow_ckk_default]
Compiling architecture behavioral of entity xil_defaultlib.HA [ha_default]
Compiling architecture behavioral of entity xil_defaultlib.FA [fa_default]
Compiling architecture behavioral of entity xil_defaultlib.Three_Bit_Adder [three_bit_adder_default]
Compiling architecture behavioral of entity xil_defaultlib.Mux_2_way_3_bit [mux_2_way_3_bit_default]
Compiling architecture behavioral of entity xil_defaultlib.Program_Counter [program_counter_default]
Compiling architecture behavioral of entity xil_defaultlib.Program_ROM [program_rom_default]
Compiling architecture behavioral of entity xil_defaultlib.Instruction_Decoder [instruction_decoder_default]
Compiling architecture behavioral of entity xil_defaultlib.Mux_2_way_4_bit [mux_2_way_4_bit_default]
Compiling architecture behavioral of entity xil_defaultlib.Decoder_3_8 [decoder_3_8_default]
Compiling architecture behavioral of entity xil_defaultlib.Register_4bit [register_4bit_default]
Compiling architecture behavioral of entity xil_defaultlib.Register_Bank [register_bank_default]
Compiling architecture behavioral of entity xil_defaultlib.Mux_8_Way_4_Bit [mux_8_way_4_bit_default]
Compiling architecture behavioral of entity xil_defaultlib.Add_Sub [add_sub_default]
Compiling architecture behavioral of entity xil_defaultlib.Nanoprocessor [nanoprocessor_default]
Compiling architecture behavioral of entity xil_defaultlib.nanoprocessor_tb
Built simulation snapshot Nanoprocessor_TB_behav
INFO: [USF-XSim-69] 'elaborate' step finished in '2' seconds
INFO: [USF-XSim-4] XSim::Simulate design
INFO: [USF-XSim-61] Executing 'SIMULATE' step in 'C:/Users/Himandhi/Downloads/MP2_Final/MP2_Final/MP2_Final/MP2_Final.sim/sim_1/behav/xsim'
INFO: [USF-XSim-98] *** Running xsim
   with args "Nanoprocessor_TB_behav -key {Behavioral:sim_1:Functional:Nanoprocessor_TB} -tclbatch {Nanoprocessor_TB.tcl} -log {simulate.log}"
INFO: [USF-XSim-8] Loading simulator feature
Vivado Simulator 2018.2
Time resolution is 1 ps
source Nanoprocessor_TB.tcl
# set curr_wave [current_wave_config]
# if { [string length $curr_wave] == 0 } {
#   if { [llength [get_objects]] > 0} {
#     add_wave /
#     set_property needs_save false [current_wave_config]
#   } else {
#      send_msg_id Add_Wave-1 WARNING "No top level signals found. Simulator will start without a wave window. If you want to open a wave window go to 'File->New Waveform Configuration' or type 'create_wave_config' in the TCL console."
#   }
# }
# run 1000ns
INFO: [USF-XSim-96] XSim completed. Design snapshot 'Nanoprocessor_TB_behav' loaded.
INFO: [USF-XSim-97] XSim simulation ran for 1000ns
launch_simulation: Time (s): cpu = 00:00:01 ; elapsed = 00:00:06 . Memory (MB): peak = 867.637 ; gain = 0.000
reset_run synth_1
WARNING: [Vivado 12-1017] Problems encountered:
1. Failed to delete one or more files in run directory C:/Users/Himandhi/Downloads/MP2_Final/MP2_Final/MP2_Final/MP2_Final.runs/synth_1

launch_runs impl_1 -jobs 6
[Fri May 23 15:41:50 2025] Launched synth_1...
Run output will be captured here: C:/Users/Himandhi/Downloads/MP2_Final/MP2_Final/MP2_Final/MP2_Final.runs/synth_1/runme.log
[Fri May 23 15:41:50 2025] Launched impl_1...
Run output will be captured here: C:/Users/Himandhi/Downloads/MP2_Final/MP2_Final/MP2_Final/MP2_Final.runs/impl_1/runme.log
open_run impl_1
INFO: [Netlist 29-17] Analyzing 4 Unisim elements for replacement
INFO: [Netlist 29-28] Unisim Transformation completed in 0 CPU seconds
INFO: [Project 1-479] Netlist was created with Vivado 2018.2
INFO: [Device 21-403] Loading part xc7a35tcpg236-1
INFO: [Project 1-570] Preparing netlist for logic optimization
INFO: [Timing 38-478] Restoring timing data from binary archive.
INFO: [Timing 38-479] Binary timing data restore complete.
INFO: [Project 1-856] Restoring constraints from binary archive.
INFO: [Project 1-853] Binary constraint restore complete.
Reading XDEF placement.
Reading placer database...
Reading XDEF routing.
Read XDEF File: Time (s): cpu = 00:00:00 ; elapsed = 00:00:00.053 . Memory (MB): peak = 1699.285 ; gain = 0.000
Restored from archive | CPU: 0.000000 secs | Memory: 0.000000 MB |
Finished XDEF File Restore: Time (s): cpu = 00:00:00 ; elapsed = 00:00:00.053 . Memory (MB): peak = 1699.285 ; gain = 0.000
INFO: [Project 1-111] Unisim Transformation Summary:
No Unisim elements were transformed.

open_run: Time (s): cpu = 00:00:15 ; elapsed = 00:00:24 . Memory (MB): peak = 1773.551 ; gain = 888.238
report_utilization -name utilization_1
report_utilization: Time (s): cpu = 00:00:02 ; elapsed = 00:00:02 . Memory (MB): peak = 1783.188 ; gain = 0.000
close_sim
INFO: [Simtcl 6-16] Simulation closed
launch_simulation
INFO: [Vivado 12-5682] Launching behavioral simulation in 'C:/Users/Himandhi/Downloads/MP2_Final/MP2_Final/MP2_Final/MP2_Final.sim/sim_1/behav/xsim'
INFO: [SIM-utils-51] Simulation object is 'sim_1'
INFO: [SIM-utils-54] Inspecting design source files for 'Nanoprocessor_TB' in fileset 'sim_1'...
INFO: [USF-XSim-97] Finding global include files...
INFO: [USF-XSim-98] Fetching design files from 'sim_1'...
INFO: [USF-XSim-2] XSim::Compile design
INFO: [USF-XSim-61] Executing 'COMPILE and ANALYZE' step in 'C:/Users/Himandhi/Downloads/MP2_Final/MP2_Final/MP2_Final/MP2_Final.sim/sim_1/behav/xsim'
"xvhdl --incr --relax -prj Nanoprocessor_TB_vhdl.prj"
INFO: [VRFC 10-163] Analyzing VHDL file "C:/Users/Himandhi/Downloads/MP2_Final/MP2_Final/MP2_Final/MP2_Final.srcs/sources_1/new/Add_Sub.vhd" into library xil_defaultlib
INFO: [VRFC 10-307] analyzing entity Add_Sub
INFO: [USF-XSim-69] 'compile' step finished in '2' seconds
INFO: [USF-XSim-3] XSim::Elaborate design
INFO: [USF-XSim-61] Executing 'ELABORATE' step in 'C:/Users/Himandhi/Downloads/MP2_Final/MP2_Final/MP2_Final/MP2_Final.sim/sim_1/behav/xsim'
Vivado Simulator 2018.2
Copyright 1986-1999, 2001-2018 Xilinx, Inc. All Rights Reserved.
Running: C:/Xilinx/Vivado/2018.2/bin/unwrapped/win64.o/xelab.exe -wto 1ed1c0aa09854c57b03b65743a02c5bb --incr --debug typical --relax --mt 2 -L xil_defaultlib -L secureip --snapshot Nanoprocessor_TB_behav xil_defaultlib.Nanoprocessor_TB -log elaborate.log 
Using 2 slave threads.
Starting static elaboration
Completed static elaboration
Starting simulation data flow analysis
Completed simulation data flow analysis
Time Resolution for simulation is 1ps
Compiling package std.standard
Compiling package std.textio
Compiling package ieee.std_logic_1164
Compiling package ieee.numeric_std
Compiling architecture behavioral of entity xil_defaultlib.Slooow_Ckk [slooow_ckk_default]
Compiling architecture behavioral of entity xil_defaultlib.HA [ha_default]
Compiling architecture behavioral of entity xil_defaultlib.FA [fa_default]
Compiling architecture behavioral of entity xil_defaultlib.Three_Bit_Adder [three_bit_adder_default]
Compiling architecture behavioral of entity xil_defaultlib.Mux_2_way_3_bit [mux_2_way_3_bit_default]
Compiling architecture behavioral of entity xil_defaultlib.Program_Counter [program_counter_default]
Compiling architecture behavioral of entity xil_defaultlib.Program_ROM [program_rom_default]
Compiling architecture behavioral of entity xil_defaultlib.Instruction_Decoder [instruction_decoder_default]
Compiling architecture behavioral of entity xil_defaultlib.Mux_2_way_4_bit [mux_2_way_4_bit_default]
Compiling architecture behavioral of entity xil_defaultlib.Decoder_3_8 [decoder_3_8_default]
Compiling architecture behavioral of entity xil_defaultlib.Register_4bit [register_4bit_default]
Compiling architecture behavioral of entity xil_defaultlib.Register_Bank [register_bank_default]
Compiling architecture behavioral of entity xil_defaultlib.Mux_8_Way_4_Bit [mux_8_way_4_bit_default]
Compiling architecture behavioral of entity xil_defaultlib.Add_Sub [add_sub_default]
Compiling architecture behavioral of entity xil_defaultlib.Nanoprocessor [nanoprocessor_default]
Compiling architecture behavioral of entity xil_defaultlib.nanoprocessor_tb
Built simulation snapshot Nanoprocessor_TB_behav
INFO: [USF-XSim-69] 'elaborate' step finished in '2' seconds
INFO: [USF-XSim-4] XSim::Simulate design
INFO: [USF-XSim-61] Executing 'SIMULATE' step in 'C:/Users/Himandhi/Downloads/MP2_Final/MP2_Final/MP2_Final/MP2_Final.sim/sim_1/behav/xsim'
INFO: [USF-XSim-98] *** Running xsim
   with args "Nanoprocessor_TB_behav -key {Behavioral:sim_1:Functional:Nanoprocessor_TB} -tclbatch {Nanoprocessor_TB.tcl} -log {simulate.log}"
INFO: [USF-XSim-8] Loading simulator feature
Vivado Simulator 2018.2
Time resolution is 1 ps
source Nanoprocessor_TB.tcl
# set curr_wave [current_wave_config]
# if { [string length $curr_wave] == 0 } {
#   if { [llength [get_objects]] > 0} {
#     add_wave /
#     set_property needs_save false [current_wave_config]
#   } else {
#      send_msg_id Add_Wave-1 WARNING "No top level signals found. Simulator will start without a wave window. If you want to open a wave window go to 'File->New Waveform Configuration' or type 'create_wave_config' in the TCL console."
#   }
# }
# run 1000ns
INFO: [USF-XSim-96] XSim completed. Design snapshot 'Nanoprocessor_TB_behav' loaded.
INFO: [USF-XSim-97] XSim simulation ran for 1000ns
launch_simulation: Time (s): cpu = 00:00:02 ; elapsed = 00:00:07 . Memory (MB): peak = 1783.188 ; gain = 0.000
close_sim
INFO: [Simtcl 6-16] Simulation closed
launch_simulation
INFO: [Vivado 12-5682] Launching behavioral simulation in 'C:/Users/Himandhi/Downloads/MP2_Final/MP2_Final/MP2_Final/MP2_Final.sim/sim_1/behav/xsim'
INFO: [SIM-utils-51] Simulation object is 'sim_1'
INFO: [SIM-utils-54] Inspecting design source files for 'Nanoprocessor_TB' in fileset 'sim_1'...
INFO: [USF-XSim-97] Finding global include files...
INFO: [USF-XSim-98] Fetching design files from 'sim_1'...
INFO: [USF-XSim-2] XSim::Compile design
INFO: [USF-XSim-61] Executing 'COMPILE and ANALYZE' step in 'C:/Users/Himandhi/Downloads/MP2_Final/MP2_Final/MP2_Final/MP2_Final.sim/sim_1/behav/xsim'
"xvhdl --incr --relax -prj Nanoprocessor_TB_vhdl.prj"
INFO: [VRFC 10-163] Analyzing VHDL file "C:/Users/Himandhi/Downloads/MP2_Final/MP2_Final/MP2_Final/MP2_Final.srcs/sources_1/new/Add_Sub.vhd" into library xil_defaultlib
INFO: [VRFC 10-307] analyzing entity Add_Sub
INFO: [USF-XSim-69] 'compile' step finished in '2' seconds
INFO: [USF-XSim-3] XSim::Elaborate design
INFO: [USF-XSim-61] Executing 'ELABORATE' step in 'C:/Users/Himandhi/Downloads/MP2_Final/MP2_Final/MP2_Final/MP2_Final.sim/sim_1/behav/xsim'
Vivado Simulator 2018.2
Copyright 1986-1999, 2001-2018 Xilinx, Inc. All Rights Reserved.
Running: C:/Xilinx/Vivado/2018.2/bin/unwrapped/win64.o/xelab.exe -wto 1ed1c0aa09854c57b03b65743a02c5bb --incr --debug typical --relax --mt 2 -L xil_defaultlib -L secureip --snapshot Nanoprocessor_TB_behav xil_defaultlib.Nanoprocessor_TB -log elaborate.log 
Using 2 slave threads.
Starting static elaboration
Completed static elaboration
Starting simulation data flow analysis
Completed simulation data flow analysis
Time Resolution for simulation is 1ps
Compiling package std.standard
Compiling package std.textio
Compiling package ieee.std_logic_1164
Compiling package ieee.numeric_std
Compiling architecture behavioral of entity xil_defaultlib.Slooow_Ckk [slooow_ckk_default]
Compiling architecture behavioral of entity xil_defaultlib.HA [ha_default]
Compiling architecture behavioral of entity xil_defaultlib.FA [fa_default]
Compiling architecture behavioral of entity xil_defaultlib.Three_Bit_Adder [three_bit_adder_default]
Compiling architecture behavioral of entity xil_defaultlib.Mux_2_way_3_bit [mux_2_way_3_bit_default]
Compiling architecture behavioral of entity xil_defaultlib.Program_Counter [program_counter_default]
Compiling architecture behavioral of entity xil_defaultlib.Program_ROM [program_rom_default]
Compiling architecture behavioral of entity xil_defaultlib.Instruction_Decoder [instruction_decoder_default]
Compiling architecture behavioral of entity xil_defaultlib.Mux_2_way_4_bit [mux_2_way_4_bit_default]
Compiling architecture behavioral of entity xil_defaultlib.Decoder_3_8 [decoder_3_8_default]
Compiling architecture behavioral of entity xil_defaultlib.Register_4bit [register_4bit_default]
Compiling architecture behavioral of entity xil_defaultlib.Register_Bank [register_bank_default]
Compiling architecture behavioral of entity xil_defaultlib.Mux_8_Way_4_Bit [mux_8_way_4_bit_default]
Compiling architecture behavioral of entity xil_defaultlib.Add_Sub [add_sub_default]
Compiling architecture behavioral of entity xil_defaultlib.Nanoprocessor [nanoprocessor_default]
Compiling architecture behavioral of entity xil_defaultlib.nanoprocessor_tb
Built simulation snapshot Nanoprocessor_TB_behav
INFO: [USF-XSim-69] 'elaborate' step finished in '2' seconds
INFO: [USF-XSim-4] XSim::Simulate design
INFO: [USF-XSim-61] Executing 'SIMULATE' step in 'C:/Users/Himandhi/Downloads/MP2_Final/MP2_Final/MP2_Final/MP2_Final.sim/sim_1/behav/xsim'
INFO: [USF-XSim-98] *** Running xsim
   with args "Nanoprocessor_TB_behav -key {Behavioral:sim_1:Functional:Nanoprocessor_TB} -tclbatch {Nanoprocessor_TB.tcl} -log {simulate.log}"
INFO: [USF-XSim-8] Loading simulator feature
Vivado Simulator 2018.2
Time resolution is 1 ps
source Nanoprocessor_TB.tcl
# set curr_wave [current_wave_config]
# if { [string length $curr_wave] == 0 } {
#   if { [llength [get_objects]] > 0} {
#     add_wave /
#     set_property needs_save false [current_wave_config]
#   } else {
#      send_msg_id Add_Wave-1 WARNING "No top level signals found. Simulator will start without a wave window. If you want to open a wave window go to 'File->New Waveform Configuration' or type 'create_wave_config' in the TCL console."
#   }
# }
# run 1000ns
INFO: [USF-XSim-96] XSim completed. Design snapshot 'Nanoprocessor_TB_behav' loaded.
INFO: [USF-XSim-97] XSim simulation ran for 1000ns
launch_simulation: Time (s): cpu = 00:00:02 ; elapsed = 00:00:07 . Memory (MB): peak = 1783.188 ; gain = 0.000
reset_run synth_1
WARNING: [Vivado 12-1017] Problems encountered:
1. Failed to delete one or more files in run directory C:/Users/Himandhi/Downloads/MP2_Final/MP2_Final/MP2_Final/MP2_Final.runs/synth_1

launch_runs impl_1 -jobs 6
[Fri May 23 15:51:28 2025] Launched synth_1...
Run output will be captured here: C:/Users/Himandhi/Downloads/MP2_Final/MP2_Final/MP2_Final/MP2_Final.runs/synth_1/runme.log
[Fri May 23 15:51:28 2025] Launched impl_1...
Run output will be captured here: C:/Users/Himandhi/Downloads/MP2_Final/MP2_Final/MP2_Final/MP2_Final.runs/impl_1/runme.log
refresh_design
INFO: [Netlist 29-17] Analyzing 4 Unisim elements for replacement
INFO: [Netlist 29-28] Unisim Transformation completed in 0 CPU seconds
INFO: [Project 1-479] Netlist was created with Vivado 2018.2
INFO: [Project 1-570] Preparing netlist for logic optimization
INFO: [Timing 38-478] Restoring timing data from binary archive.
INFO: [Timing 38-479] Binary timing data restore complete.
INFO: [Project 1-856] Restoring constraints from binary archive.
INFO: [Project 1-853] Binary constraint restore complete.
Reading XDEF placement.
Reading placer database...
Reading XDEF routing.
Read XDEF File: Time (s): cpu = 00:00:00 ; elapsed = 00:00:00.045 . Memory (MB): peak = 1798.711 ; gain = 0.000
Restored from archive | CPU: 0.000000 secs | Memory: 0.000000 MB |
Finished XDEF File Restore: Time (s): cpu = 00:00:00 ; elapsed = 00:00:00.045 . Memory (MB): peak = 1798.711 ; gain = 0.000
refresh_design: Time (s): cpu = 00:00:05 ; elapsed = 00:00:05 . Memory (MB): peak = 1801.078 ; gain = 15.684
report_utilization -name utilization_1
report_utilization: Time (s): cpu = 00:00:01 ; elapsed = 00:00:01 . Memory (MB): peak = 1801.117 ; gain = 0.000
reset_run synth_1
WARNING: [Vivado 12-1017] Problems encountered:
1. Failed to delete one or more files in run directory C:/Users/Himandhi/Downloads/MP2_Final/MP2_Final/MP2_Final/MP2_Final.runs/synth_1

launch_runs impl_1 -to_step write_bitstream -jobs 6
[Fri May 23 15:58:10 2025] Launched synth_1...
Run output will be captured here: C:/Users/Himandhi/Downloads/MP2_Final/MP2_Final/MP2_Final/MP2_Final.runs/synth_1/runme.log
[Fri May 23 15:58:10 2025] Launched impl_1...
Run output will be captured here: C:/Users/Himandhi/Downloads/MP2_Final/MP2_Final/MP2_Final/MP2_Final.runs/impl_1/runme.log
open_hw
connect_hw_server
INFO: [Labtools 27-2285] Connecting to hw_server url TCP:localhost:3121
INFO: [Labtools 27-2222] Launching hw_server...
INFO: [Labtools 27-2221] Launch Output:

****** Xilinx hw_server v2018.2
  **** Build date : Jun 14 2018-20:42:52
    ** Copyright 1986-2018 Xilinx, Inc. All Rights Reserved.


open_hw_target
INFO: [Labtoolstcl 44-466] Opening hw_target localhost:3121/xilinx_tcf/Digilent/210183A8A8E2A
set_property PROGRAM.FILE {C:/Users/Himandhi/Downloads/MP2_Final/MP2_Final/MP2_Final/MP2_Final.runs/impl_1/Nanoprocessor_Interface.bit} [get_hw_devices xc7a35t_0]
current_hw_device [get_hw_devices xc7a35t_0]
refresh_hw_device -update_hw_probes false [lindex [get_hw_devices xc7a35t_0] 0]
INFO: [Labtools 27-1435] Device xc7a35t (JTAG device index = 0) is not programmed (DONE status = 0).
set_property PROBES.FILE {} [get_hw_devices xc7a35t_0]
set_property FULL_PROBES.FILE {} [get_hw_devices xc7a35t_0]
set_property PROGRAM.FILE {C:/Users/Himandhi/Downloads/MP2_Final/MP2_Final/MP2_Final/MP2_Final.runs/impl_1/Nanoprocessor_Interface.bit} [get_hw_devices xc7a35t_0]
program_hw_devices [get_hw_devices xc7a35t_0]
INFO: [Labtools 27-3164] End of startup status: HIGH
refresh_hw_device [lindex [get_hw_devices xc7a35t_0] 0]
INFO: [Labtools 27-1434] Device xc7a35t (JTAG device index = 0) is programmed with a design that has no supported debug core(s) in it.
WARNING: [Labtools 27-3361] The debug hub core was not detected.
Resolution: 
1. Make sure the clock connected to the debug hub (dbg_hub) core is a free running clock and is active.
2. Make sure the BSCAN_SWITCH_USER_MASK device property in Vivado Hardware Manager reflects the user scan chain setting in the design and refresh the device.  To determine the user scan chain setting in the design, open the implemented design and use 'get_property C_USER_SCAN_CHAIN [get_debug_cores dbg_hub]'.
For more details on setting the scan chain property, consult the Vivado Debug and Programming User Guide (UG908).
reset_run synth_1
WARNING: [Vivado 12-1017] Problems encountered:
1. Failed to delete one or more files in run directory C:/Users/Himandhi/Downloads/MP2_Final/MP2_Final/MP2_Final/MP2_Final.runs/synth_1

launch_runs impl_1 -to_step write_bitstream -jobs 6
[Fri May 23 16:01:10 2025] Launched synth_1...
Run output will be captured here: C:/Users/Himandhi/Downloads/MP2_Final/MP2_Final/MP2_Final/MP2_Final.runs/synth_1/runme.log
[Fri May 23 16:01:10 2025] Launched impl_1...
Run output will be captured here: C:/Users/Himandhi/Downloads/MP2_Final/MP2_Final/MP2_Final/MP2_Final.runs/impl_1/runme.log
set_property PROBES.FILE {} [get_hw_devices xc7a35t_0]
set_property FULL_PROBES.FILE {} [get_hw_devices xc7a35t_0]
set_property PROGRAM.FILE {C:/Users/Himandhi/Downloads/MP2_Final/MP2_Final/MP2_Final/MP2_Final.runs/impl_1/Nanoprocessor_Interface.bit} [get_hw_devices xc7a35t_0]
program_hw_devices [get_hw_devices xc7a35t_0]
INFO: [Labtools 27-3164] End of startup status: HIGH
refresh_hw_device [lindex [get_hw_devices xc7a35t_0] 0]
INFO: [Labtools 27-1434] Device xc7a35t (JTAG device index = 0) is programmed with a design that has no supported debug core(s) in it.
WARNING: [Labtools 27-3361] The debug hub core was not detected.
Resolution: 
1. Make sure the clock connected to the debug hub (dbg_hub) core is a free running clock and is active.
2. Make sure the BSCAN_SWITCH_USER_MASK device property in Vivado Hardware Manager reflects the user scan chain setting in the design and refresh the device.  To determine the user scan chain setting in the design, open the implemented design and use 'get_property C_USER_SCAN_CHAIN [get_debug_cores dbg_hub]'.
For more details on setting the scan chain property, consult the Vivado Debug and Programming User Guide (UG908).
ERROR: [Labtoolstcl 44-513] HW Target shutdown. Closing target: localhost:3121/xilinx_tcf/Digilent/210183A8A8E2A
close_sim
INFO: [Simtcl 6-16] Simulation closed
exit
INFO: [Common 17-206] Exiting Vivado at Fri May 23 16:07:42 2025...
