Copyright 1986-2018 Xilinx, Inc. All Rights Reserved.
----------------------------------------------------------------------------------------------------
| Tool Version : Vivado v.2018.2 (win64) Build 2258646 Thu Jun 14 20:03:12 MDT 2018
| Date         : Mon May 26 19:41:59 2025
| Host         : LAPTOP-IPNED538 running 64-bit major release  (build 9200)
| Command      : report_control_sets -verbose -file Nanoprocessor_Interface_control_sets_placed.rpt
| Design       : Nanoprocessor_Interface
| Device       : xc7a35t
----------------------------------------------------------------------------------------------------

Control Set Information

Table of Contents
-----------------
1. Summary
2. Histogram
3. Flip-Flop Distribution
4. Detailed Control Set Information

1. Summary
----------

+----------------------------------------------------------+-------+
|                          Status                          | Count |
+----------------------------------------------------------+-------+
| Number of unique control sets                            |     6 |
| Unused register locations in slices containing registers |    10 |
+----------------------------------------------------------+-------+


2. Histogram
------------

+--------+--------------+
| Fanout | Control Sets |
+--------+--------------+
|      4 |            1 |
|      6 |            1 |
|      8 |            3 |
|    16+ |            1 |
+--------+--------------+


3. Flip-Flop Distribution
-------------------------

+--------------+-----------------------+------------------------+-----------------+--------------+
| Clock Enable | Synchronous Set/Reset | Asynchronous Set/Reset | Total Registers | Total Slices |
+--------------+-----------------------+------------------------+-----------------+--------------+
| No           | No                    | No                     |              52 |            7 |
| No           | No                    | Yes                    |               6 |            3 |
| No           | Yes                   | No                     |               4 |            2 |
| Yes          | No                    | No                     |               0 |            0 |
| Yes          | No                    | Yes                    |               0 |            0 |
| Yes          | Yes                   | No                     |              24 |            4 |
+--------------+-----------------------+------------------------+-----------------+--------------+


4. Detailed Control Set Information
-----------------------------------

+----------------------------------------+-----------------------------------------------------+----------------------------------------------------------+------------------+----------------+
|              Clock Signal              |                    Enable Signal                    |                     Set/Reset Signal                     | Slice Load Count | Bel Load Count |
+----------------------------------------+-----------------------------------------------------+----------------------------------------------------------+------------------+----------------+
|  NanoprocessorComponent/SlowClk/out[0] |                                                     | NanoprocessorComponent/ProgramCounter/Instruction_Bus[0] |                2 |              4 |
|  NanoprocessorComponent/SlowClk/out[0] |                                                     | Reset_IBUF                                               |                3 |              6 |
|  NanoprocessorComponent/SlowClk/out[0] | NanoprocessorComponent/ProgramCounter/E[0]          | Reset_IBUF                                               |                1 |              8 |
|  NanoprocessorComponent/SlowClk/out[0] | NanoprocessorComponent/ProgramCounter/Q_reg[0]_0[0] | Reset_IBUF                                               |                1 |              8 |
|  NanoprocessorComponent/SlowClk/out[0] | NanoprocessorComponent/ProgramCounter/Q_reg[0][0]   | Reset_IBUF                                               |                2 |              8 |
|  Clk_IBUF_BUFG                         |                                                     |                                                          |                7 |             52 |
+----------------------------------------+-----------------------------------------------------+----------------------------------------------------------+------------------+----------------+


