INFO: [VRFC 10-163] Analyzing VHDL file "C:/Users/Himandhi/Downloads/Nanoprocessor/MP2_Final/MP2_Final.srcs/sources_1/new/3_Bit_Adder.vhd" into library xil_defaultlib
INFO: [VRFC 10-307] analyzing entity Three_Bit_Adder
INFO: [VRFC 10-163] Analyzing VHDL file "C:/Users/Himandhi/Downloads/Nanoprocessor/MP2_Final/MP2_Final.srcs/sources_1/new/Decoder_3_8.vhd" into library xil_defaultlib
INFO: [VRFC 10-307] analyzing entity Decoder_3_8
INFO: [VRFC 10-163] Analyzing VHDL file "C:/Users/Himandhi/Downloads/Nanoprocessor/MP2_Final/MP2_Final.srcs/sources_1/new/Mux_2_way_3_bit.vhd" into library xil_defaultlib
INFO: [VRFC 10-307] analyzing entity Mux_2_way_3_bit
INFO: [VRFC 10-163] Analyzing VHDL file "C:/Users/Himandhi/Downloads/Nanoprocessor/MP2_Final/MP2_Final.srcs/sources_1/new/Mux_2_way_4_bit.vhd" into library xil_defaultlib
INFO: [VRFC 10-307] analyzing entity Mux_2_way_4_bit
INFO: [VRFC 10-163] Analyzing VHDL file "C:/Users/Himandhi/Downloads/Nanoprocessor/MP2_Final/MP2_Final.srcs/sources_1/new/Mux_8_way_4_bit.vhd" into library xil_defaultlib
INFO: [VRFC 10-307] analyzing entity Mux_8_Way_4_Bit
INFO: [VRFC 10-163] Analyzing VHDL file "C:/Users/Himandhi/Downloads/Nanoprocessor/MP2_Final/MP2_Final.srcs/sources_1/new/Nanoprocessor.vhd" into library xil_defaultlib
INFO: [VRFC 10-307] analyzing entity Nanoprocessor
INFO: [VRFC 10-163] Analyzing VHDL file "C:/Users/Himandhi/Downloads/Nanoprocessor/MP2_Final/MP2_Final.srcs/sources_1/new/Program_ROM.vhd" into library xil_defaultlib
INFO: [VRFC 10-307] analyzing entity Program_ROM
INFO: [VRFC 10-163] Analyzing VHDL file "C:/Users/Himandhi/Downloads/Nanoprocessor/MP2_Final/MP2_Final.srcs/sources_1/new/Register_4bit.vhd" into library xil_defaultlib
INFO: [VRFC 10-307] analyzing entity Register_4bit
INFO: [VRFC 10-163] Analyzing VHDL file "C:/Users/Himandhi/Downloads/Nanoprocessor/MP2_Final/MP2_Final.srcs/sources_1/new/Register_Bank.vhd" into library xil_defaultlib
INFO: [VRFC 10-307] analyzing entity Register_Bank
INFO: [VRFC 10-163] Analyzing VHDL file "C:/Users/Himandhi/Downloads/Nanoprocessor/MP2_Final/MP2_Final.srcs/sources_1/imports/new/Slow_Clk.vhd" into library xil_defaultlib
INFO: [VRFC 10-307] analyzing entity Slooow_Ckk
INFO: [VRFC 10-163] Analyzing VHDL file "C:/Users/Himandhi/Downloads/Nanoprocessor/MP2_Final/MP2_Final.srcs/sim_1/new/Nanoprocessor_TB.vhd" into library xil_defaultlib
INFO: [VRFC 10-307] analyzing entity Nanoprocessor_TB
